[00:05:36] [Server thread/INFO]: Sebas23m was slain by Lvl 50 | Enderman
[00:06:16] [Server thread/INFO]: Sebas23m issued server command: /home e
[00:08:11] [Server thread/INFO]: Sebas23m issued server command: /leveledmobs kill all /levels 9 /nodrops *
[00:11:13] [Server thread/INFO]: Sebas23m issued server command: /leveledmobs kill near 9 /levels 9 /nodrops
[00:11:32] [Server thread/INFO]: Sebas23m issued server command: /leveledmobs info
[00:11:49] [Server thread/INFO]: Stopping the server
[00:11:49] [Server thread/INFO]: Stopping server
[00:11:49] [Server thread/INFO]: [LevelledMobs] Disabling LevelledMobs v4.3.1 b112
[00:11:49] [Server thread/INFO]: [LevelledMobs] Unregistering commands
[00:11:49] [Server thread/INFO]: [LevelledMobs] Tasks: Shutting down other async tasks...
[00:11:49] [Craft Scheduler Thread - 2 - LevelledMobs/INFO]: [LevelledMobs] Mob processing queue Manager has exited
[00:11:49] [Craft Scheduler Thread - 4 - LevelledMobs/INFO]: [LevelledMobs] Nametag update queue Manager has exited
[00:11:50] [Server thread/INFO]: [LevelledMobs] Shut-down complete (took 2ms)
[00:11:50] [Server thread/INFO]: [LockShulker] Disabling LockShulker v1.0
[00:11:50] [Server thread/INFO]: [LockShulker] LockShulker выключен!
[00:11:50] [Server thread/INFO]: [UltraSetHome] Disabling UltraSetHome v1.7.9
[00:11:50] [Server thread/INFO]: [SkinsRestorer] Disabling SkinsRestorer v15.6.2
[00:11:50] [Server thread/INFO]: [LuckPerms] Disabling LuckPerms v5.4.158
[00:11:50] [Server thread/INFO]: [LuckPerms] Starting shutdown process...
[00:11:50] [Server thread/INFO]: [LuckPerms] Closing storage...
[00:11:50] [Server thread/INFO]: [LuckPerms] Goodbye!
[00:11:50] [Server thread/INFO]: [GSit] Disabling GSit v2.3.0
[00:11:50] [Server thread/INFO]: [GSit] The plugin was successfully disabled.
[00:11:50] [Server thread/INFO]: [SmoothTimber] Disabling SmoothTimber v1.27.4
[00:11:50] [Server thread/INFO]: Saving players
[00:11:50] [Server thread/INFO]: Sebas23m lost connection: Server closed
[00:11:50] [Server thread/INFO]: Sebas23m left the game
[00:11:50] [Server thread/INFO]: Saving worlds
[00:11:50] [Server thread/INFO]: Saving chunks for level 'ServerLevel[world]'/minecraft:overworld
[00:11:50] [Server thread/INFO]: [ChunkHolderManager] Waiting 60s for chunk system to halt for world 'world'
[00:11:50] [Server thread/INFO]: [ChunkHolderManager] Halted chunk system for world 'world'
[00:11:50] [Server thread/INFO]: [ChunkHolderManager] Saving all chunkholders for world 'world'
[00:11:50] [Server thread/INFO]: [ChunkHolderManager] Saved 3 block chunks, 172 entity chunks, 0 poi chunks in world 'world' in 0.06s
[00:11:50] [Server thread/INFO]: Saving chunks for level 'ServerLevel[world_nether]'/minecraft:the_nether
[00:11:50] [Server thread/INFO]: [ChunkHolderManager] Waiting 60s for chunk system to halt for world 'world_nether'
[00:11:50] [Server thread/INFO]: [ChunkHolderManager] Halted chunk system for world 'world_nether'
[00:11:50] [Server thread/INFO]: [ChunkHolderManager] Saving all chunkholders for world 'world_nether'
[00:11:50] [Server thread/INFO]: [ChunkHolderManager] Saved 0 block chunks, 16 entity chunks, 0 poi chunks in world 'world_nether' in 0.01s
[00:11:50] [Server thread/INFO]: Saving chunks for level 'ServerLevel[world_the_end]'/minecraft:the_end
[00:11:50] [Server thread/INFO]: [ChunkHolderManager] Waiting 60s for chunk system to halt for world 'world_the_end'
[00:11:50] [Server thread/INFO]: [ChunkHolderManager] Halted chunk system for world 'world_the_end'
[00:11:50] [Server thread/INFO]: [ChunkHolderManager] Saving all chunkholders for world 'world_the_end'
[00:11:50] [Server thread/INFO]: [ChunkHolderManager] Saved 2 block chunks, 4 entity chunks, 0 poi chunks in world 'world_the_end' in 0.01s
[00:11:50] [Server thread/INFO]: ThreadedAnvilChunkStorage (world): All chunks are saved
[00:11:50] [Server thread/INFO]: ThreadedAnvilChunkStorage (DIM-1): All chunks are saved
[00:11:50] [Server thread/INFO]: ThreadedAnvilChunkStorage (DIM1): All chunks are saved
[00:11:50] [Server thread/INFO]: ThreadedAnvilChunkStorage: All dimensions are saved
